
Start-Date: 2013-02-13  22:28:03
Commandline: apt-get --yes install ubuntu-keyring
Upgrade: ubuntu-keyring:armhf (2011.11.21, 2011.11.21.1)
End-Date: 2013-02-13  22:28:04

Start-Date: 2013-02-13  22:28:16
Commandline: apt-get --yes upgrade
Upgrade: libnih-dbus1:armhf (1.0.3-4ubuntu9, 1.0.3-4ubuntu9.1), libc-bin:armhf (2.15-0ubuntu10, 2.15-0ubuntu10.3), base-files:armhf (6.5ubuntu6, 6.5ubuntu6.5), libplymouth2:armhf (0.8.2-2ubuntu30, 0.8.2-2ubuntu31), libapt-pkg4.12:armhf (0.8.16~exp12ubuntu10, 0.8.16~exp12ubuntu10.7), libdbus-1-3:armhf (1.4.18-1ubuntu1, 1.4.18-1ubuntu1.3), perl-base:armhf (5.14.2-6ubuntu2, 5.14.2-6ubuntu2.2), initramfs-tools-bin:armhf (0.99ubuntu13, 0.99ubuntu13.1), login:armhf (4.1.4.2+svn3283-3ubuntu5, 4.1.4.2+svn3283-3ubuntu5.1), libpciaccess0:armhf (0.12.902-1, 0.12.902-1ubuntu0.1), initramfs-tools:armhf (0.99ubuntu13, 0.99ubuntu13.1), python2.7-minimal:armhf (2.7.3-0ubuntu3, 2.7.3-0ubuntu3.1), coreutils:armhf (8.13-3ubuntu3, 8.13-3ubuntu3.2), udev:armhf (175-0ubuntu9, 175-0ubuntu9.2), passwd:armhf (4.1.4.2+svn3283-3ubuntu5, 4.1.4.2+svn3283-3ubuntu5.1), apt:armhf (0.8.16~exp12ubuntu10, 0.8.16~exp12ubuntu10.7), libdrm2:armhf (2.4.32-1ubuntu1, 2.4.39-0ubuntu0.1), libdrm-nouveau1a:armhf (2.4.32-1ubuntu1, 2.4.39-0ubuntu0.1), dpkg:armhf (1.16.1.2ubuntu7, 1.16.1.2ubuntu7.1), multiarch-support:armhf (2.15-0ubuntu10, 2.15-0ubuntu10.3), lsb-base:armhf (4.0-0ubuntu20, 4.0-0ubuntu20.2), libdrm-radeon1:armhf (2.4.32-1ubuntu1, 2.4.39-0ubuntu0.1), libudev0:armhf (175-0ubuntu9, 175-0ubuntu9.2), sysvinit-utils:armhf (2.88dsf-13.10ubuntu11, 2.88dsf-13.10ubuntu11.1), libglib2.0-0:armhf (2.32.1-0ubuntu2, 2.32.3-0ubuntu1), tzdata:armhf (2012b-1, 2012e-0ubuntu0.12.04.1), gpgv:armhf (1.4.11-3ubuntu2, 1.4.11-3ubuntu2.2), upstart:armhf (1.5-0ubuntu5, 1.5-0ubuntu7.2), sysv-rc:armhf (2.88dsf-13.10ubuntu11, 2.88dsf-13.10ubuntu11.1), busybox-initramfs:armhf (1.18.5-1ubuntu4, 1.18.5-1ubuntu4.1), mountall:armhf (2.36, 2.36.4), libc6:armhf (2.15-0ubuntu10, 2.15-0ubuntu10.3), initscripts:armhf (2.88dsf-13.10ubuntu11, 2.88dsf-13.10ubuntu11.1), libnih1:armhf (1.0.3-4ubuntu9, 1.0.3-4ubuntu9.1), plymouth:armhf (0.8.2-2ubuntu30, 0.8.2-2ubuntu31), libssl1.0.0:armhf (1.0.1-4ubuntu3, 1.0.1-4ubuntu5.5), gnupg:armhf (1.4.11-3ubuntu2, 1.4.11-3ubuntu2.2)
End-Date: 2013-02-13  22:29:04

Start-Date: 2000-01-01  00:18:35
Commandline: apt-get upgrade
Upgrade: base-files:armhf (6.5ubuntu6.5, 6.5ubuntu6.6), libapt-pkg4.12:armhf (0.8.16~exp12ubuntu10.10, 0.8.16~exp12ubuntu10.12), libdbus-1-3:armhf (1.4.18-1ubuntu1.3, 1.4.18-1ubuntu1.4), dosfstools:armhf (3.0.12-1ubuntu1, 3.0.12-1ubuntu1.1), initramfs-tools-bin:armhf (0.99ubuntu13.1, 0.99ubuntu13.2), python2.7:armhf (2.7.3-0ubuntu3.1, 2.7.3-0ubuntu3.2), python-minimal:armhf (2.7.3-0ubuntu2, 2.7.3-0ubuntu2.2), apt-utils:armhf (0.8.16~exp12ubuntu10.10, 0.8.16~exp12ubuntu10.12), initramfs-tools:armhf (0.99ubuntu13.1, 0.99ubuntu13.2), python2.7-minimal:armhf (2.7.3-0ubuntu3.1, 2.7.3-0ubuntu3.2), udev:armhf (175-0ubuntu9.3, 175-0ubuntu9.4), apt:armhf (0.8.16~exp12ubuntu10.10, 0.8.16~exp12ubuntu10.12), libdrm2:armhf (2.4.43-0ubuntu0.0.1, 2.4.43-0ubuntu0.0.2), python:armhf (2.7.3-0ubuntu2, 2.7.3-0ubuntu2.2), libdrm-nouveau1a:armhf (2.4.43-0ubuntu0.0.1, 2.4.43-0ubuntu0.0.2), lsb-base:armhf (4.0-0ubuntu20.2, 4.0-0ubuntu20.3), libdrm-radeon1:armhf (2.4.43-0ubuntu0.0.1, 2.4.43-0ubuntu0.0.2), libudev0:armhf (175-0ubuntu9.3, 175-0ubuntu9.4), gpgv:armhf (1.4.11-3ubuntu2.2, 1.4.11-3ubuntu2.3), openssl:armhf (1.0.1-4ubuntu5.9, 1.0.1-4ubuntu5.10), libapt-inst1.4:armhf (0.8.16~exp12ubuntu10.10, 0.8.16~exp12ubuntu10.12), lsb-release:armhf (4.0-0ubuntu20.2, 4.0-0ubuntu20.3), libssl1.0.0:armhf (1.0.1-4ubuntu5.9, 1.0.1-4ubuntu5.10), gnupg:armhf (1.4.11-3ubuntu2.2, 1.4.11-3ubuntu2.3)
End-Date: 2000-01-01  00:20:31

Start-Date: 2000-01-01  00:43:21
Commandline: apt-get install man
Install: groff-base:armhf (1.21-7, automatic), libgdbm3:armhf (1.8.3-10, automatic), libpipeline1:armhf (1.2.1-1, automatic), bsdmainutils:armhf (8.2.3ubuntu1, automatic), man-db:armhf (2.6.1-2ubuntu1)
End-Date: 2000-01-01  00:44:18

Start-Date: 2000-01-01  00:46:25
Commandline: apt-get install gdbserver
Install: gdbserver:armhf (7.4-2012.04-0ubuntu2.1)
End-Date: 2000-01-01  00:46:33

Start-Date: 2000-01-01  00:59:32
Commandline: apt-get install libev4
Install: libev4:armhf (4.11-1)
End-Date: 2000-01-01  00:59:36

Start-Date: 2000-01-01  01:03:17
Commandline: apt-get install libbluetooth3
Install: libbluetooth3:armhf (4.98-2ubuntu7)
End-Date: 2000-01-01  01:03:21

Start-Date: 2000-01-01  01:06:16
Commandline: apt-get install liblog4cxx10
Install: libapr1:armhf (1.4.6-1, automatic), liblog4cxx10:armhf (0.10.0-1.2ubuntu2), libaprutil1:armhf (1.3.12+dfsg-3, automatic)
End-Date: 2000-01-01  01:06:23

Start-Date: 2000-01-01  01:09:12
Commandline: apt-get install libprotobuf-lite7
Install: libprotobuf-lite7:armhf (2.4.1-1ubuntu2)
End-Date: 2000-01-01  01:09:15

Start-Date: 2000-01-01  01:11:07
Commandline: apt-get install libasound2
Install: libasound2:armhf (1.0.25-1ubuntu10.2)
End-Date: 2000-01-01  01:11:12

Start-Date: 2000-01-01  01:13:23
Commandline: apt-get install dnsutils
Install: bind9-host:armhf (9.8.1.dfsg.P1-4ubuntu0.7, automatic), dnsutils:armhf (9.8.1.dfsg.P1-4ubuntu0.7), libdns81:armhf (9.8.1.dfsg.P1-4ubuntu0.7, automatic), xml-core:armhf (0.13, automatic), libisccc80:armhf (9.8.1.dfsg.P1-4ubuntu0.7, automatic), geoip-database:armhf (20111220-1, automatic), liblwres80:armhf (9.8.1.dfsg.P1-4ubuntu0.7, automatic), libxml2:armhf (2.7.8.dfsg-5.1ubuntu4.6, automatic), libbind9-80:armhf (9.8.1.dfsg.P1-4ubuntu0.7, automatic), sgml-base:armhf (1.26+nmu1ubuntu1, automatic), libgeoip1:armhf (1.4.8+dfsg-2, automatic), libisccfg82:armhf (9.8.1.dfsg.P1-4ubuntu0.7, automatic), libisc83:armhf (9.8.1.dfsg.P1-4ubuntu0.7, automatic)
End-Date: 2000-01-01  01:13:54

Start-Date: 2000-01-01  01:20:02
Commandline: apt-get install bluez-hcidump
Install: bluez-hcidump:armhf (2.2-1)
End-Date: 2000-01-01  01:20:10

Start-Date: 2000-01-01  01:23:21
Commandline: apt-get install bluez
Install: libdbus-glib-1-2:armhf (0.98-1ubuntu1.1, automatic), python-dbus-dev:armhf (1.0.0-1ubuntu1, automatic), bluez:armhf (4.98-2ubuntu7), python-gi:armhf (3.2.2-1~precise, automatic), dbus:armhf (1.4.18-1ubuntu1.4, automatic), gir1.2-glib-2.0:armhf (1.32.0-1, automatic), python-dbus:armhf (1.0.0-1ubuntu1, automatic), libgirepository-1.0-1:armhf (1.32.0-1, automatic), libcap-ng0:armhf (0.6.6-1ubuntu1, automatic)
End-Date: 2000-01-01  01:23:51

Start-Date: 2000-01-01  01:29:28
Commandline: apt-get install udhcpd
Install: udhcpd:armhf (1.18.5-1ubuntu4.1), busybox:armhf (1.18.5-1ubuntu4.1, automatic)
End-Date: 2000-01-01  01:29:41

Start-Date: 2000-01-01  00:17:23
Commandline: apt-get install alsa-utils
Install: libpci3:armhf (3.1.8-2ubuntu6, automatic), pciutils:armhf (3.1.8-2ubuntu6, automatic), alsa-utils:armhf (1.0.25-1ubuntu5.2), libsamplerate0:armhf (0.1.8-4, automatic), alsa-base:armhf (1.0.25+dfsg-0ubuntu1.1, automatic), linux-sound-base:armhf (1.0.25+dfsg-0ubuntu1.1, automatic)
End-Date: 2000-01-01  00:18:00
